c:\users\win10\source\repos\roblox printsploit\roblox printsploit\x64\debug\vc143.pdb
c:\users\win10\source\repos\roblox printsploit\roblox printsploit\x64\debug\ntdll_fast.obj
c:\users\win10\source\repos\roblox printsploit\roblox printsploit\x64\debug\roblox printsploit.obj
c:\users\win10\source\repos\roblox printsploit\roblox printsploit\x64\debug\driver.obj
c:\users\win10\source\repos\roblox printsploit\roblox printsploit\x64\debug\roblox printsploit.ilk
c:\users\win10\source\repos\roblox printsploit\roblox printsploit\x64\debug\vc143.idb
c:\users\win10\source\repos\roblox printsploit\x64\debug\roblox printsploit.pdb
c:\users\win10\source\repos\roblox printsploit\roblox printsploit\x64\debug\roblox p.a8d65bac.tlog\cl.command.1.tlog
c:\users\win10\source\repos\roblox printsploit\roblox printsploit\x64\debug\roblox p.a8d65bac.tlog\cl.items.tlog
c:\users\win10\source\repos\roblox printsploit\roblox printsploit\x64\debug\roblox p.a8d65bac.tlog\cl.read.1.tlog
c:\users\win10\source\repos\roblox printsploit\roblox printsploit\x64\debug\roblox p.a8d65bac.tlog\cl.write.1.tlog
c:\users\win10\source\repos\roblox printsploit\roblox printsploit\x64\debug\roblox p.a8d65bac.tlog\link-cvtres.read.1.tlog
c:\users\win10\source\repos\roblox printsploit\roblox printsploit\x64\debug\roblox p.a8d65bac.tlog\link-cvtres.write.1.tlog
c:\users\win10\source\repos\roblox printsploit\roblox printsploit\x64\debug\roblox p.a8d65bac.tlog\link-rc.read.1.tlog
c:\users\win10\source\repos\roblox printsploit\roblox printsploit\x64\debug\roblox p.a8d65bac.tlog\link-rc.write.1.tlog
c:\users\win10\source\repos\roblox printsploit\roblox printsploit\x64\debug\roblox p.a8d65bac.tlog\link.command.1.tlog
c:\users\win10\source\repos\roblox printsploit\roblox printsploit\x64\debug\roblox p.a8d65bac.tlog\link.read.1.tlog
c:\users\win10\source\repos\roblox printsploit\roblox printsploit\x64\debug\roblox p.a8d65bac.tlog\link.read.2.tlog
c:\users\win10\source\repos\roblox printsploit\roblox printsploit\x64\debug\roblox p.a8d65bac.tlog\link.secondary.1.tlog
c:\users\win10\source\repos\roblox printsploit\roblox printsploit\x64\debug\roblox p.a8d65bac.tlog\link.write.1.tlog
